<?xml version="1.0" encoding="UTF-8"?>
<!-- Generated by org.testng.reporters.JUnitReportReporter -->
<testsuite hostname="Windows11" failures="0" tests="1" name="mavenCommand.EmiCalculator" time="7.590" errors="0" timestamp="2024-03-12T22:16:48 IST" skipped="0">
  <testcase classname="mavenCommand.EmiCalculator" name="emi" time="7.590"/>
  <system-out/>
</testsuite> <!-- mavenCommand.EmiCalculator -->
