<?xml version="1.0" encoding="UTF-8"?>
<!-- Generated by org.testng.reporters.JUnitReportReporter -->
<testsuite hostname="Windows11" failures="0" tests="1" name="mavenCommand.CoronaWorldometer" time="237.107" errors="0" timestamp="2024-03-12T23:25:36 IST" skipped="0">
  <testcase classname="mavenCommand.CoronaWorldometer" name="emi" time="237.107"/>
  <system-out/>
</testsuite> <!-- mavenCommand.CoronaWorldometer -->
