<?xml version="1.0" encoding="UTF-8"?>
<!-- Generated by org.testng.reporters.JUnitReportReporter -->
<testsuite hostname="Windows11" failures="0" tests="2" name="mavenCommand.ATest" time="0.001" errors="0" timestamp="2024-03-11T22:23:02 IST" skipped="0">
  <testcase classname="mavenCommand.ATest" name="atest" time="0.001"/>
  <system-out/>
  <testcase classname="mavenCommand.ATest" name="btest" time="0.000"/>
  <system-out/>
</testsuite> <!-- mavenCommand.ATest -->
